C51 COMPILER V9.56.0.0   MAIN                                                              06/03/2017 14:30:18 PAGE 1   


C51 COMPILER V9.56.0.0, COMPILATION OF MODULE MAIN
OBJECT MODULE PLACED IN main.OBJ
COMPILER INVOKED BY: F:\Keil5\C51\BIN\C51.EXE main.c OPTIMIZE(8,SPEED) BROWSE DEBUG OBJECTEXTEND

line level    source

   1          #include "STC15Wxx.H"
   2          #include "eeprom.h"
   3          
   4          void DelayXms(unsigned int x);
   5          void SendData(unsigned char data_buf);
   6          void UartInit();
   7          
   8          unsigned int sector1 = 0x0000;
   9          unsigned int sector2 = 0x0200;
  10          
  11          void main(){
  12   1          unsigned char i;
  13   1          unsigned char mw[] = "mawei12345";
  14   1          unsigned char mw2[] = "abcdefef12";
  15   1          
  16   1          UartInit();
  17   1          DelayXms(500);
  18   1          DelayXms(500);
  19   1          EepromEraseSector(sector1);
  20   1          DelayXms(500);
  21   1         
  22   1          
  23   1          for(i=0;i<10;i++){
  24   2              EepromWriteByte(i,mw[i]);
  25   2          }
  26   1          
  27   1          EepromEraseSector(sector2);
  28   1          DelayXms(500);
  29   1          
  30   1          for(i=0;i<10;i++){
  31   2              EepromWriteByte((sector2|i),mw2[i]);
  32   2          }
  33   1          DelayXms(500);
  34   1          
  35   1          while(1){
  36   2              for(i=0;i<10;i++){
  37   3                  SendData(EepromReadByte(i));
  38   3              }
  39   2              for(i=0;i<10;i++){
  40   3                  SendData(EepromReadByte((sector2|i)));
  41   3              }   
  42   2              DelayXms(500);
  43   2              DelayXms(500);
  44   2              DelayXms(500);
  45   2          }
  46   1      }
  47          
  48          void UartInit(void)             //4800bps@12.000MHz
  49          {
  50   1              SCON = 0x50;            //8位数据,可变波特率
  51   1              AUXR |= 0x01;           //串口1选择定时器2为波特率发生器
  52   1              AUXR |= 0x04;           //定时器2时钟为Fosc,即1T
  53   1              T2L = 0x8F;             //设定定时初值
  54   1              T2H = 0xFD;             //设定定时初值
  55   1              AUXR |= 0x10;           //启动定时器2
C51 COMPILER V9.56.0.0   MAIN                                                              06/03/2017 14:30:18 PAGE 2   

  56   1      }
  57          
  58          void SendData(unsigned char data_buf) //发送一个字符
  59          {
  60   1              SBUF = data_buf;
  61   1              while(!TI);//TI是发送成功标志
  62   1              TI = 0;
  63   1      }
  64          
  65          void DelayXms(unsigned int x){ //@12.000MHz
  66   1          unsigned char i, j;
  67   1          while(x--){
  68   2              i = 12;
  69   2              j = 169;
  70   2              do
  71   2              {
  72   3                  while (--j);
  73   3              } while (--i);
  74   2          }
  75   1      }


MODULE INFORMATION:   STATIC OVERLAYABLE
   CODE SIZE        =    237    ----
   CONSTANT SIZE    =     22    ----
   XDATA SIZE       =   ----    ----
   PDATA SIZE       =   ----    ----
   DATA SIZE        =      4      23
   IDATA SIZE       =   ----    ----
   BIT SIZE         =   ----    ----
END OF MODULE INFORMATION.


C51 COMPILATION COMPLETE.  0 WARNING(S),  0 ERROR(S)
