C51 COMPILER V9.54   UART                                                                  08/11/2016 21:38:33 PAGE 1   


C51 COMPILER V9.54, COMPILATION OF MODULE UART
OBJECT MODULE PLACED IN Uart.OBJ
COMPILER INVOKED BY: F:\Keil5\C51\BIN\C51.EXE Uart.c OPTIMIZE(8,SPEED) BROWSE DEBUG OBJECTEXTEND

line level    source

   1          /*---------------------------------------------------------------------*/
   2          /* --- STC MCU Limited ------------------------------------------------*/
   3          /* --- STC15F4K60S4 ?? ???1????1?????????------------*/
   4          /* --- Mobile: (86)13922805190 ----------------------------------------*/
   5          /* --- Fax: 86-0513-55012956,55012947,55012969 ------------------------*/
   6          /* --- Tel: 86-0513-55012928,55012929,55012966-------------------------*/
   7          /* --- Web: www.STCMCU.com --------------------------------------------*/
   8          /* --- Web: www.GXWMCU.com --------------------------------------------*/
   9          /* ????????????,??????????STC??????        */
  10          /* ????????????,??????????STC??????        */
  11          /*---------------------------------------------------------------------*/
  12          
  13          //????Keil????????Intel?8058????????
  14          //??????,???????11.0592MHz
  15          
  16          
  17          #include "reg51.h"
  18          #include "intrins.h"
  19          
  20          typedef unsigned char BYTE;
  21          typedef unsigned int WORD;
  22          
  23          #define FOSC 11059200L          //????
  24          #define BAUD 115200             //?????
  25          
  26          #define NONE_PARITY     0       //???
  27          #define ODD_PARITY      1       //???
  28          #define EVEN_PARITY     2       //???
  29          #define MARK_PARITY     3       //????
  30          #define SPACE_PARITY    4       //????
  31          
  32          #define PARITYBIT EVEN_PARITY   //?????
  33          
  34          sfr P0M1 = 0x93;
  35          sfr P0M0 = 0x94;
  36          sfr P1M1 = 0x91;
  37          sfr P1M0 = 0x92;
  38          sfr P2M1 = 0x95;
  39          sfr P2M0 = 0x96;
  40          sfr P3M1 = 0xb1;
  41          sfr P3M0 = 0xb2;
  42          sfr P4M1 = 0xb3;
  43          sfr P4M0 = 0xb4;
  44          sfr P5M1 = 0xC9;
  45          sfr P5M0 = 0xCA;
  46          sfr P6M1 = 0xCB;
  47          sfr P6M0 = 0xCC;
  48          sfr P7M1 = 0xE1;
  49          sfr P7M0 = 0xE2;
  50          
  51          sfr AUXR  = 0x8e;               //?????
  52          
  53          sfr P_SW1   = 0xA2;             //?????????1
  54          
  55          #define S1_S0 0x40              //P_SW1.6
C51 COMPILER V9.54   UART                                                                  08/11/2016 21:38:33 PAGE 2   

  56          #define S1_S1 0x80              //P_SW1.7
  57          
  58          sbit P22 = P2^2;
  59          
  60          bit busy;
  61          
  62          void SendData(BYTE dat);
  63          void SendString(char *s);
  64          
  65          void main()
  66          {
  67   1          P0M0 = 0x00;
  68   1          P0M1 = 0x00;
  69   1          P1M0 = 0x00;
  70   1          P1M1 = 0x00;
  71   1          P2M0 = 0x00;
  72   1          P2M1 = 0x00;
  73   1          P3M0 = 0x00;
  74   1          P3M1 = 0x00;
  75   1          P4M0 = 0x00;
  76   1          P4M1 = 0x00;
  77   1          P5M0 = 0x00;
  78   1          P5M1 = 0x00;
  79   1          P6M0 = 0x00;
  80   1          P6M1 = 0x00;
  81   1          P7M0 = 0x00;
  82   1          P7M1 = 0x00;
  83   1      
  84   1          ACC = P_SW1;
  85   1          ACC &= ~(S1_S0 | S1_S1);    //S1_S0=0 S1_S1=0
  86   1          P_SW1 = ACC;                //(P3.0/RxD, P3.1/TxD)
  87   1          
  88   1      //  ACC = P_SW1;
  89   1      //  ACC &= ~(S1_S0 | S1_S1);    //S1_S0=1 S1_S1=0
  90   1      //  ACC |= S1_S0;               //(P3.6/RxD_2, P3.7/TxD_2)
  91   1      //  P_SW1 = ACC;  
  92   1      //  
  93   1      //  ACC = P_SW1;
  94   1      //  ACC &= ~(S1_S0 | S1_S1);    //S1_S0=0 S1_S1=1
  95   1      //  ACC |= S1_S1;               //(P1.6/RxD_3, P1.7/TxD_3)
  96   1      //  P_SW1 = ACC;  
  97   1      
  98   1      #if (PARITYBIT == NONE_PARITY)
                  SCON = 0x50;                //8??????
              #elif (PARITYBIT == ODD_PARITY) || (PARITYBIT == EVEN_PARITY) || (PARITYBIT == MARK_PARITY)
 101   1          SCON = 0xda;                //9??????,??????1
 102   1      #elif (PARITYBIT == SPACE_PARITY)
                  SCON = 0xd2;                //9??????,??????0
              #endif
 105   1      
 106   1          AUXR = 0x40;                //???1?1T??
 107   1          TMOD = 0x00;                //???1???0(16?????)
 108   1          TL1 = (65536 - (FOSC/4/BAUD));   //????????
 109   1          TH1 = (65536 - (FOSC/4/BAUD))>>8;
 110   1          TR1 = 1;                    //???1????
 111   1          ES = 1;                     //??????
 112   1          EA = 1;
 113   1      
 114   1          
 115   1          while(1){
 116   2              SendString("STC15F2K60S2\r\nUart Test !\r\n");
 117   2          }
C51 COMPILER V9.54   UART                                                                  08/11/2016 21:38:33 PAGE 3   

 118   1      }
 119          
 120          /*----------------------------
 121          UART ??????
 122          -----------------------------*/
 123          void Uart() interrupt 4 using 1
 124          {
 125   1          if (RI)
 126   1          {
 127   2              RI = 0;                 //??RI?
 128   2              P0 = SBUF;              //P0??????
 129   2              P22 = RB8;              //P2.2?????
 130   2          }
 131   1          if (TI)
 132   1          {
 133   2              TI = 0;                 //??TI?
 134   2              busy = 0;               //????
 135   2          }
 136   1      }
 137          
 138          /*----------------------------
 139          ??????
 140          ----------------------------*/
 141          void SendData(BYTE dat)
 142          {
 143   1          while (busy);               //???????????
 144   1          ACC = dat;                  //?????P (PSW.0)
 145   1          if (P)                      //??P??????
 146   1          {
 147   2      #if (PARITYBIT == ODD_PARITY)
                      TB8 = 0;                //??????0
              #elif (PARITYBIT == EVEN_PARITY)
 150   2              TB8 = 1;                //??????1
 151   2      #endif
 152   2          }
 153   1          else
 154   1          {
 155   2      #if (PARITYBIT == ODD_PARITY)
                      TB8 = 1;                //??????1
              #elif (PARITYBIT == EVEN_PARITY)
 158   2              TB8 = 0;                //??????0
 159   2      #endif
 160   2          }
 161   1          busy = 1;
 162   1          SBUF = ACC;                 //????UART?????
 163   1      }
 164          
 165          /*----------------------------
 166          ?????
 167          ----------------------------*/
 168          void SendString(char *s)
 169          {
 170   1          while (*s)                  //?????????
 171   1          {
 172   2              SendData(*s++);         //??????
 173   2          }
 174   1      }
 175          


MODULE INFORMATION:   STATIC OVERLAYABLE
   CODE SIZE        =    150    ----
C51 COMPILER V9.54   UART                                                                  08/11/2016 21:38:33 PAGE 4   

   CONSTANT SIZE    =     28    ----
   XDATA SIZE       =   ----    ----
   PDATA SIZE       =   ----    ----
   DATA SIZE        =   ----       3
   IDATA SIZE       =   ----    ----
   BIT SIZE         =      1    ----
END OF MODULE INFORMATION.


C51 COMPILATION COMPLETE.  0 WARNING(S),  0 ERROR(S)
