C51 COMPILER V9.54   ADC                                                                   10/30/2016 20:43:39 PAGE 1   


C51 COMPILER V9.54, COMPILATION OF MODULE ADC
OBJECT MODULE PLACED IN ADC.OBJ
COMPILER INVOKED BY: F:\Keil5\C51\BIN\C51.EXE ADC.c OPTIMIZE(8,SPEED) BROWSE DEBUG OBJECTEXTEND

line level    source

   1          ///*---------------------------------------------------------------------*/
   2          ///* --- STC MCU Limited ------------------------------------------------*/
   3          ///* --- STC15F4K60S4 ç³»åˆ— ADè½¬æ¢æŸ¥è¯¢æ–¹å¼ä¸¾ä¾‹----------------------------*/
   4          ///* --- Mobile: (86)13922805190 ----------------------------------------*/
   5          ///* --- Fax: 86-0513-55012956,55012947,55012969 ------------------------*/
   6          ///* --- Tel: 86-0513-55012928,55012929,55012966-------------------------*/
   7          ///* --- Web: www.STCMCU.com --------------------------------------------*/
   8          ///* --- Web: www.GXWMCU.com --------------------------------------------*/
   9          ///* å¦‚æœè¦åœ¨ç¨‹åºä¸­ä½¿ç”¨æ­¤ä»£ç ,è¯·åœ¨ç¨‹åºä¸­æ³¨æ˜ä½¿ç”¨äº†STCçš„èµ„æ–™åŠç¨‹åº        */
  10          ///* å¦‚æœè¦åœ¨æ–‡ç« ä¸­åº”ç”¨æ­¤ä»£ç ,è¯·åœ¨æ–‡ç« ä¸­æ³¨æ˜ä½¿ç”¨äº†STCçš„èµ„æ–™åŠç¨‹åº        */
  11          ///*---------------------------------------------------------------------*/
  12          
  13          ////æœ¬ç¤ºä¾‹åœ¨Keilå¼€å‘ç¯å¢ƒä¸‹è¯·é€‰æ‹©Intelçš„8058èŠ¯ç‰‡å‹å·è¿›è¡Œç¼–è¯‘
  14          ////è‹¥æ— ç‰¹åˆ«è¯´æ˜,å·¥ä½œé¢‘ç‡ä¸€èˆ¬ä¸º11.0592MHz
  15          
  16          
  17          //#include "reg51.h"
  18          //#include "intrins.h"
  19          
  20          //#define FOSC    11059200L
  21          //#define BAUD    9600
  22          
  23          //typedef unsigned char BYTE;
  24          //typedef unsigned int WORD;
  25          
  26          //#define     URMD    0           //0:ä½¿ç”¨å®šæ—¶å™¨2ä½œä¸ºæ³¢ç‰¹ç‡å‘ç”Ÿå™¨
  27          //                                //1:ä½¿ç”¨å®šæ—¶å™¨1çš„æ¨¡å¼0(16ä½è‡ªåŠ¨é‡è½½æ¨¡å¼)ä½œä¸ºæ³¢ç‰¹ç‡å
             -‘ç”Ÿå™¨
  28          //                                //2:ä½¿ç”¨å®šæ—¶å™¨1çš„æ¨¡å¼2(8ä½è‡ªåŠ¨é‡è½½æ¨¡å¼)ä½œä¸ºæ³¢ç‰¹ç‡å‘
             -ç”Ÿå™¨
  29          
  30          //sfr T2H   = 0xd6;               //å®šæ—¶å™¨2é«˜8ä½
  31          //sfr T2L   = 0xd7;               //å®šæ—¶å™¨2ä½8ä½
  32          
  33          //sfr P1M1 = 0x91;    //PxM1.n,PxM0.n     =00--->Standard,    01--->push-pull
  34          //sfr P1M0 = 0x92;    //                  =10--->pure input,  11--->open drain
  35          //sfr P0M1 = 0x93;
  36          //sfr P0M0 = 0x94;
  37          //sfr P2M1 = 0x95;
  38          //sfr P2M0 = 0x96;
  39          //sfr P3M1 = 0xB1;
  40          //sfr P3M0 = 0xB2;
  41          //sfr P4M1 = 0xB3;
  42          //sfr P4M0 = 0xB4;
  43          //sfr P5M1 = 0xC9;
  44          //sfr P5M0 = 0xCA;
  45          //sfr P6M1 = 0xCB;
  46          //sfr P6M0 = 0xCC;
  47          //sfr P7M1 = 0xE1;
  48          //sfr P7M0 = 0xE2;
  49          
  50          //sfr  AUXR       =   0x8e;       //è¾…åŠ©å¯„å­˜å™¨                              
  51          
  52          //sfr ADC_CONTR   =   0xBC;           //ADCæ§åˆ¶å¯„å­˜å™¨
  53          //sfr ADC_RES     =   0xBD;           //ADCé«˜8ä½ç»“æœ
C51 COMPILER V9.54   ADC                                                                   10/30/2016 20:43:39 PAGE 2   

  54          //sfr ADC_LOW2    =   0xBE;           //ADCä½2ä½ç»“æœ
  55          //sfr P1ASF       =   0x9D;           //P1å£ç¬¬2åŠŸèƒ½æ§åˆ¶å¯„å­˜å™¨
  56          
  57          //#define ADC_POWER   0x80            //ADCç”µæºæ§åˆ¶ä½
  58          //#define ADC_FLAG    0x10            //ADCå®Œæˆæ ‡å¿—
  59          //#define ADC_START   0x08            //ADCèµ·å§‹æ§åˆ¶ä½
  60          //#define ADC_SPEEDLL 0x00            //540ä¸ªæ—¶é’Ÿ
  61          //#define ADC_SPEEDL  0x20            //360ä¸ªæ—¶é’Ÿ
  62          //#define ADC_SPEEDH  0x40            //180ä¸ªæ—¶é’Ÿ
  63          //#define ADC_SPEEDHH 0x60            //90ä¸ªæ—¶é’Ÿ
  64          
  65          //void InitUart();
  66          //void InitADC();
  67          //void SendData(BYTE dat);
  68          //BYTE GetADCResult(BYTE ch);
  69          //void Delay(WORD n);
  70          //void ShowResult(BYTE ch);
  71          
  72          //void main()
  73          //{
  74          //    P0M0 = 0x00;
  75          //    P0M1 = 0x00;
  76          //    P1M0 = 0x00;
  77          //    P1M1 = 0x00;
  78          //    P2M0 = 0x00;
  79          //    P2M1 = 0x00;
  80          //    P3M0 = 0x00;
  81          //    P3M1 = 0x00;
  82          //    P4M0 = 0x00;
  83          //    P4M1 = 0x00;
  84          //    P5M0 = 0x00;
  85          //    P5M1 = 0x00;
  86          //    P6M0 = 0x00;
  87          //    P6M1 = 0x00;
  88          //    P7M0 = 0x00;
  89          //    P7M1 = 0x00;
  90          
  91          //    InitUart();                     //åˆå§‹åŒ–ä¸²å£
  92          //    InitADC();                      //åˆå§‹åŒ–ADC
  93          //    while (1)
  94          //    {
  95          //        ShowResult(0);              //æ˜¾ç¤ºé€šé“0
  96          //        ShowResult(1);              //æ˜¾ç¤ºé€šé“1
  97          //        ShowResult(2);              //æ˜¾ç¤ºé€šé“2
  98          //        ShowResult(3);              //æ˜¾ç¤ºé€šé“3
  99          //        ShowResult(4);              //æ˜¾ç¤ºé€šé“4
 100          //        ShowResult(5);              //æ˜¾ç¤ºé€šé“5
 101          //        ShowResult(6);              //æ˜¾ç¤ºé€šé“6
 102          //        ShowResult(7);              //æ˜¾ç¤ºé€šé“7
 103          //    }
 104          //}
 105          
 106          ///*----------------------------
 107          //å‘é€ADCç»“æœåˆ°PC
 108          //----------------------------*/
 109          //void ShowResult(BYTE ch)
 110          //{
 111          //    SendData(ch);                   //æ˜¾ç¤ºé€šé“å·
 112          //    SendData(GetADCResult(ch));     //æ˜¾ç¤ºADCé«˜8ä½ç»“æœ
 113          
 114          ////    SendData(ADC_LOW2);           //æ˜¾ç¤ºä½2ä½ç»“æœ
 115          //}
C51 COMPILER V9.54   ADC                                                                   10/30/2016 20:43:39 PAGE 3   

 116          
 117          ///*----------------------------
 118          //è¯»å–ADCç»“æœ
 119          //----------------------------*/
 120          //BYTE GetADCResult(BYTE ch)
 121          //{
 122          //    ADC_CONTR = ADC_POWER | ADC_SPEEDLL | ch | ADC_START;
 123          //    _nop_();                        //ç­‰å¾…4ä¸ªNOP
 124          //    _nop_();
 125          //    _nop_();
 126          //    _nop_();
 127          //    while (!(ADC_CONTR & ADC_FLAG));//ç­‰å¾…ADCè½¬æ¢å®Œæˆ
 128          //    ADC_CONTR &= ~ADC_FLAG;         //Close ADC
 129          
 130          //    return ADC_RES;                 //è¿”å›ADCç»“æœ
 131          //}
 132          
 133          ///*----------------------------
 134          //åˆå§‹åŒ–ä¸²å£
 135          //----------------------------*/
 136          //void InitUart()
 137          //{
 138          //    SCON = 0x5a;                //è®¾ç½®ä¸²å£ä¸º8ä½å¯å˜æ³¢ç‰¹ç‡
 139          //#if URMD == 0
 140          //    T2L = 0xd8;                 //è®¾ç½®æ³¢ç‰¹ç‡é‡è£…å€¼
 141          //    T2H = 0xff;                 //115200 bps(65536-18432000/4/115200)
 142          //    AUXR = 0x14;                //T2ä¸º1Tæ¨¡å¼, å¹¶å¯åŠ¨å®šæ—¶å™¨2
 143          //    AUXR |= 0x01;               //é€‰æ‹©å®šæ—¶å™¨2ä¸ºä¸²å£1çš„æ³¢ç‰¹ç‡å‘ç”Ÿå™¨
 144          //#elif URMD == 1
 145          //    AUXR = 0x40;                //å®šæ—¶å™¨1ä¸º1Tæ¨¡å¼
 146          //    TMOD = 0x00;                //å®šæ—¶å™¨1ä¸ºæ¨¡å¼0(16ä½è‡ªåŠ¨é‡è½½)
 147          //    TL1 = 0xd8;                 //è®¾ç½®æ³¢ç‰¹ç‡é‡è£…å€¼
 148          //    TH1 = 0xff;                 //115200 bps(65536-18432000/4/115200)
 149          //    TR1 = 1;                    //å®šæ—¶å™¨1å¼€å§‹å¯åŠ¨
 150          //#else
 151          //    TMOD = 0x20;                //è®¾ç½®å®šæ—¶å™¨1ä¸º8ä½è‡ªåŠ¨é‡è£…è½½æ¨¡å¼
 152          //    AUXR = 0x40;                //å®šæ—¶å™¨1ä¸º1Tæ¨¡å¼
 153          //    TH1 = TL1 = 0xfb;           //115200 bps(256 - 18432000/32/115200)
 154          //    TR1 = 1;
 155          //#endif
 156          //}
 157          
 158          ///*----------------------------
 159          //åˆå§‹åŒ–ADC
 160          //----------------------------*/
 161          //void InitADC()
 162          //{
 163          //    P1ASF = 0xff;                   //è®¾ç½®P1å£ä¸ºADå£
 164          //    ADC_RES = 0;                    //æ¸…é™¤ç»“æœå¯„å­˜å™¨
 165          //    ADC_CONTR = ADC_POWER | ADC_SPEEDLL;
 166          //    Delay(2);                       //ADCä¸Šç”µå¹¶å»¶æ—¶
 167          //}
 168          
 169          ///*----------------------------
 170          //å‘é€ä¸²å£æ•°æ®
 171          //----------------------------*/
 172          //void SendData(BYTE dat)
 173          //{
 174          //    while (!TI);                    //ç­‰å¾…å‰ä¸€ä¸ªæ•°æ®å‘é€å®Œæˆ
 175          //    TI = 0;                         //æ¸…é™¤å‘é€æ ‡å¿—
 176          //    SBUF = dat;                     //å‘é€å½“å‰æ•°æ®
 177          //}
C51 COMPILER V9.54   ADC                                                                   10/30/2016 20:43:39 PAGE 4   

 178          
 179          ///*----------------------------
 180          //è½¯ä»¶å»¶æ—¶
 181          //----------------------------*/
 182          //void Delay(WORD n)
 183          //{
 184          //    WORD x;
 185          
 186          //    while (n--)
 187          //    {
 188          //        x = 5000;
 189          //        while (x--);
 190          //    }
 191          //}
 192          
 193          
 194          
 195          
 196          
 197          
 198          
 199          
 200          
 201          
 202          
 203          
 204          
 205          
 206          
 207          
 208          
 209          #include "STC15F2K.H"
 210          #include "INTRINS.H"
 211          
 212          typedef unsigned char u8;
 213          typedef unsigned int u16;
 214          
 215          unsigned char data adcData _at_ 0x31;
 216          bit busy = 0;
 217          bit adc_ok = 0;
 218          
 219          void sendData(u8 dat);
 220          void sendStr(u8 *str);
 221          void UartInit();
 222          void delayX1ms(u16 t);
 223          void delay1us(u16 t);
 224          void sendData(u8 dat);
 225          
 226          void main () {
 227   1          unsigned long i;
 228   1          unsigned char status;
 229   1      //    unsigned int i = 0;
 230   1      //    
 231   1          EA = 1;
 232   1          UartInit();
 233   1      //    P1ASF = 0x10; 
 234   1      //    ADC_CONTR = 0x84;
 235   1      //    
 236   1      //    delayX1ms(5);
 237   1      //    
 238   1      //    while(1){
 239   1      //        ADC_CONTR = 0x8c;
C51 COMPILER V9.54   ADC                                                                   10/30/2016 20:43:39 PAGE 5   

 240   1      //        delay1us(10);
 241   1      //        while(adc_ok == 0){
 242   1      //            adc_ok = ADC_CONTR&0x10;
 243   1      //        }
 244   1      //        ADC_CONTR = 0x84;
 245   1      //        sendData(~ADC_RES);
 246   1      //        delayX1ms(500);
 247   1      //    }
 248   1          
 249   1      
 250   1              P1ASF = 0x10 ;              //è®¾ç½®Pl.4ä¸ºæ¨¡æ‹Ÿé‡è¾“å…¥åŠŸèƒ½
 251   1              ADC_CONTR= 0x84;                        //æ‰“å¼€A/Dè½¬æ¢ç”µæºï¼Œè®¾ç½®è¾“å…¥é€šé“
 252   1              for (i = 0;i <10000; i++ );     //å»¶æ—¶
 253   1              while(1){
 254   2                      ADC_CONTR=0x8c;                 //å¯åŠ¨A/Dè½¬æ¢
 255   2                      _nop_();_nop_();_nop_();_nop_();
 256   2                      status = 0;
 257   2                      while(status==0){               //ç­‰å¾…A/Dè½¬æ¢ç»“æŸ
 258   3                              status=ADC_CONTR&0x10;
 259   3                      }
 260   2                      ADC_CONTR = 0x84;               //æ¸…A/Dè½¬æ¢ç»“æŸæ ‡å¿—ä½
 261   2                      //adc_data = ADC_RES;                   //ä¿å­˜A/Dè½¬æ¢ç»“æœ
 262   2                      sendData(ADC_RES);                      //é€P2å£LEDç¯æ˜¾ç¤º
 263   2              }
 264   1      }
 265          
 266          void Delay1ms()         //@11.0592MHz
 267          {
 268   1              unsigned char i, j;
 269   1      
 270   1              _nop_();
 271   1              _nop_();
 272   1              _nop_();
 273   1              i = 11;
 274   1              j = 190;
 275   1              do
 276   1              {
 277   2                      while (--j);
 278   2              } while (--i);
 279   1      }
 280          
 281          void delayX1ms(u16 t){
 282   1          while(t--){
 283   2              Delay1ms();
 284   2          }
 285   1      }
 286          
 287          void delay1us(u16 t){
 288   1          while(t--){
 289   2              _nop_();
 290   2              _nop_();
 291   2              _nop_();
 292   2          }
 293   1      }
 294          
 295          void UartInit(void)             //9600bps@18.432MHz
 296          {
 297   1              SCON = 0x50;            //8ä½æ•°æ®,å¯å˜æ³¢ç‰¹ç‡
 298   1              AUXR |= 0x40;           //å®šæ—¶å™¨1æ—¶é’Ÿä¸ºFosc,å³1T
 299   1              AUXR &= 0xFE;           //ä¸²å£1é€‰æ‹©å®šæ—¶å™¨1ä¸ºæ³¢ç‰¹ç‡å‘ç”Ÿå™¨
 300   1              TMOD &= 0x0F;           //è®¾å®šå®šæ—¶å™¨1ä¸º16ä½è‡ªåŠ¨é‡è£…æ–¹å¼
 301   1              TL1 = 0x20;             //è®¾å®šå®šæ—¶åˆå€¼
C51 COMPILER V9.54   ADC                                                                   10/30/2016 20:43:39 PAGE 6   

 302   1              TH1 = 0xFE;             //è®¾å®šå®šæ—¶åˆå€¼
 303   1              ET1 = 0;                //ç¦æ­¢å®šæ—¶å™¨1ä¸­æ–­
 304   1              TR1 = 1;                //å¯åŠ¨å®šæ—¶å™¨1
 305   1          ES = 1;
 306   1      }
 307          
 308          void sendData(u8 dat){
 309   1          while(busy);
 310   1          busy = 1;
 311   1          SBUF = dat;
 312   1      }
 313          
 314          void sendStr(u8 *str){
 315   1          while(*str){
 316   2              sendData(*str++);
 317   2          }
 318   1      }
 319          
 320          void Uart() interrupt 4{
 321   1              if(RI){
 322   2                      RI = 0;
 323   2              }
 324   1              
 325   1              if(TI){
 326   2                      TI = 0;
 327   2              busy = 0;
 328   2              }
 329   1      }


MODULE INFORMATION:   STATIC OVERLAYABLE
   CODE SIZE        =    224    ----
   CONSTANT SIZE    =   ----    ----
   XDATA SIZE       =   ----    ----
   PDATA SIZE       =   ----    ----
   DATA SIZE        =   ----       7
   IDATA SIZE       =   ----    ----
   BIT SIZE         =      2    ----
END OF MODULE INFORMATION.


C51 COMPILATION COMPLETE.  0 WARNING(S),  0 ERROR(S)
